<?xml version="1.0" encoding="UTF-8"?>
<!-- Generated by org.testng.reporters.JUnitReportReporter -->
<testsuite hostname="Anonymous" failures="0" tests="1" name="test.ListenersTest" time="12.873" errors="0" timestamp="2022-11-19T09:15:46 ICT" skipped="0">
  <testcase classname="test.ListenersTest" name="readData" time="12.873"/>
  <system-out/>
</testsuite> <!-- test.ListenersTest -->
