<?xml version="1.0" encoding="UTF-8"?>
<!-- Generated by org.testng.reporters.JUnitReportReporter -->
<testsuite hostname="Anonymous" failures="0" tests="1" name="test.logTest" time="1.162" errors="0" timestamp="2022-11-19T09:15:46 ICT" skipped="0">
  <testcase classname="test.logTest" name="login" time="1.162"/>
  <system-out/>
</testsuite> <!-- test.logTest -->
